1675796944619	geckodriver	INFO	Listening on 127.0.0.1:55814
1675796947662	mozrunner::runner	INFO	Running command: "C:\\Program Files\\Mozilla Firefox\\firefox.exe" "--marionette" "--headless" "window-size=1920,1080" "start ... 5" "--remote-allow-hosts" "localhost" "-no-remote" "-profile" "C:\\Users\\naz_w\\AppData\\Local\\Temp\\rust_mozprofilezZjbOR"
*** You are running in headless mode.
1675796949173	Marionette	INFO	Marionette enabled
console.warn: SearchSettings: "get: No settings file exists, new profile?" (new NotFoundError("Could not open the file at C:\\Users\\naz_w\\AppData\\Local\\Temp\\rust_mozprofilezZjbOR\\search.json.mozlz4", (void 0)))
DevTools listening on ws://localhost:55815/devtools/browser/0e5cf5f5-e416-41cf-b196-7656c0558c7e
1675796950678	Marionette	INFO	Listening on port 55821
1675796950850	Marionette	WARN	TLS certificate errors will be ignored for this session
JavaScript error: resource://gre/modules/XULStore.jsm, line 66: Error: Can't find profile directory.
JavaScript error: resource://gre/modules/XULStore.jsm, line 66: Error: Can't find profile directory.
JavaScript error: resource://gre/modules/XULStore.jsm, line 66: Error: Can't find profile directory.
JavaScript error: resource://gre/modules/XULStore.jsm, line 66: Error: Can't find profile directory.
JavaScript error: resource://gre/modules/XULStore.jsm, line 66: Error: Can't find profile directory.
JavaScript warning: https://pagead2.googlesyndication.com/bg/1ltCRSOx5k-1I0D0UILHPXNozEC50ZuHf8HEjBLxTFM.js line 2 > eval line 2668 > eval line 1 > eval line 1 > eval, line 1: Failed to create WebGL context: WebGL creation failed: 
* Can't use WebGL in headless mode (https://bugzil.la/1375585). ()
JavaScript warning: https://pagead2.googlesyndication.com/bg/1ltCRSOx5k-1I0D0UILHPXNozEC50ZuHf8HEjBLxTFM.js line 2 > eval line 3483 > eval line 1 > eval line 1 > eval, line 1: Failed to create WebGL context: WebGL creation failed: 
* Can't use WebGL in headless mode (https://bugzil.la/1375585). ()
JavaScript warning: https://pagead2.googlesyndication.com/bg/1ltCRSOx5k-1I0D0UILHPXNozEC50ZuHf8HEjBLxTFM.js line 2 > eval line 5892 > eval line 1 > eval line 1 > eval, line 1: Failed to create WebGL context: WebGL creation failed: 
* Can't use WebGL in headless mode (https://bugzil.la/1375585). ()
1675796957240	Marionette	WARN	Ignoring event 'DOMContentLoaded' because document has an invalid readyState of 'complete'.
JavaScript warning: https://dd.kelkoogroup.net/tags.js, line 2: Failed to create WebGL context: WebGL creation failed: 
* Can't use WebGL in headless mode (https://bugzil.la/1375585). ()
JavaScript warning: https://dd.kelkoogroup.net/tags.js, line 2: Failed to create WebGL context: WebGL creation failed: 
* Can't use WebGL in headless mode (https://bugzil.la/1375585). ()
1675796960070	Marionette	INFO	Stopped listening on port 55821
!!! error running onStopped callback: TypeError: callback is not a function
JavaScript error: , line 0: TypeError: NetworkError when attempting to fetch resource.
JavaScript error: , line 0: TypeError: NetworkError when attempting to fetch resource.
JavaScript error: , line 0: TypeError: NetworkError when attempting to fetch resource.

###!!! [Child][MessageChannel] Error: (msgtype=0x390141,name=PContent::Msg_ScriptError) Channel closing: too late to send/recv, messages will be lost


###!!! [Child][MessageChannel] Error: (msgtype=0x390141,name=PContent::Msg_ScriptError) Channel closing: too late to send/recv, messages will be lost


###!!! [Child][MessageChannel] Error: (msgtype=0x390141,name=PContent::Msg_ScriptError) Channel closing: too late to send/recv, messages will be lost

1675796960416	RemoteAgent	ERROR	unable to stop listener: [Exception... "Component returned failure code: 0x8000ffff (NS_ERROR_UNEXPECTED) [nsIWindowMediator.getEnumerator]"  nsresult: "0x8000ffff (NS_ERROR_UNEXPECTED)"  location: "JS frame :: chrome://remote/content/cdp/observers/TargetObserver.jsm :: stop :: line 64"  data: no] Stack trace: stop()@TargetObserver.jsm:64
unwatchForTabs()@TargetList.jsm:70
unwatchForTargets()@TargetList.jsm:37
destructor()@TargetList.jsm:109
close()@RemoteAgent.jsm:136
1675796997453	geckodriver	INFO	Listening on 127.0.0.1:55965
1675797000511	mozrunner::runner	INFO	Running command: "C:\\Program Files\\Mozilla Firefox\\firefox.exe" "--marionette" "--headless" "window-size=1920,1080" "start ... 6" "--remote-allow-hosts" "localhost" "-no-remote" "-profile" "C:\\Users\\naz_w\\AppData\\Local\\Temp\\rust_mozprofileMdYHOP"
*** You are running in headless mode.
1675797001935	Marionette	INFO	Marionette enabled
console.warn: SearchSettings: "get: No settings file exists, new profile?" (new NotFoundError("Could not open the file at C:\\Users\\naz_w\\AppData\\Local\\Temp\\rust_mozprofileMdYHOP\\search.json.mozlz4", (void 0)))
DevTools listening on ws://localhost:55966/devtools/browser/d5ff40e5-eff1-406f-95da-9fe971079af8
1675797003332	Marionette	INFO	Listening on port 55974
1675797003708	Marionette	WARN	TLS certificate errors will be ignored for this session
JavaScript error: resource://gre/modules/XULStore.jsm, line 66: Error: Can't find profile directory.
JavaScript error: resource://gre/modules/XULStore.jsm, line 66: Error: Can't find profile directory.
JavaScript error: resource://gre/modules/XULStore.jsm, line 66: Error: Can't find profile directory.
JavaScript error: resource://gre/modules/XULStore.jsm, line 66: Error: Can't find profile directory.
JavaScript error: resource://gre/modules/XULStore.jsm, line 66: Error: Can't find profile directory.
JavaScript warning: https://pagead2.googlesyndication.com/bg/1ltCRSOx5k-1I0D0UILHPXNozEC50ZuHf8HEjBLxTFM.js line 2 > eval line 393 > eval line 1 > eval line 1 > eval, line 1: Failed to create WebGL context: WebGL creation failed: 
* Can't use WebGL in headless mode (https://bugzil.la/1375585). ()
JavaScript warning: https://pagead2.googlesyndication.com/bg/1ltCRSOx5k-1I0D0UILHPXNozEC50ZuHf8HEjBLxTFM.js line 2 > eval line 720 > eval line 1 > eval line 1 > eval, line 1: Failed to create WebGL context: WebGL creation failed: 
* Can't use WebGL in headless mode (https://bugzil.la/1375585). ()
JavaScript warning: https://pagead2.googlesyndication.com/bg/1ltCRSOx5k-1I0D0UILHPXNozEC50ZuHf8HEjBLxTFM.js line 2 > eval line 1339 > eval line 1 > eval line 1 > eval, line 1: Failed to create WebGL context: WebGL creation failed: 
* Can't use WebGL in headless mode (https://bugzil.la/1375585). ()
1675797007275	Marionette	WARN	Ignoring event 'DOMContentLoaded' because document has an invalid readyState of 'complete'.
1675797008505	Marionette	WARN	Ignoring event 'DOMContentLoaded' because document has an invalid readyState of 'complete'.
JavaScript error: https://www.brands4pets.de/, line 2: SyntaxError: expected expression, got '<'
JavaScript error: https://www.brands4pets.de/, line 23: SyntaxError: expected expression, got '<'
JavaScript error: , line 0: TypeError: NetworkError when attempting to fetch resource.
JavaScript error: , line 0: TypeError: NetworkError when attempting to fetch resource.
JavaScript error: , line 0: TypeError: NetworkError when attempting to fetch resource.
JavaScript warning: https://pagead2.googlesyndication.com/bg/1ltCRSOx5k-1I0D0UILHPXNozEC50ZuHf8HEjBLxTFM.js line 2 > eval line 3994 > eval line 1 > eval line 1 > eval, line 1: Failed to create WebGL context: WebGL creation failed: 
* Can't use WebGL in headless mode (https://bugzil.la/1375585). ()
JavaScript warning: https://pagead2.googlesyndication.com/bg/1ltCRSOx5k-1I0D0UILHPXNozEC50ZuHf8HEjBLxTFM.js line 2 > eval line 1746 > eval line 1 > eval line 1 > eval, line 1: Failed to create WebGL context: WebGL creation failed: 
* Can't use WebGL in headless mode (https://bugzil.la/1375585). ()
JavaScript warning: https://pagead2.googlesyndication.com/bg/1ltCRSOx5k-1I0D0UILHPXNozEC50ZuHf8HEjBLxTFM.js line 2 > eval line 2927 > eval line 1 > eval line 1 > eval, line 1: Failed to create WebGL context: WebGL creation failed: 
* Can't use WebGL in headless mode (https://bugzil.la/1375585). ()
JavaScript warning: https://pagead2.googlesyndication.com/bg/1ltCRSOx5k-1I0D0UILHPXNozEC50ZuHf8HEjBLxTFM.js line 2 > eval line 6192 > eval line 1 > eval line 1 > eval, line 1: Failed to create WebGL context: WebGL creation failed: 
* Can't use WebGL in headless mode (https://bugzil.la/1375585). ()
JavaScript warning: https://pagead2.googlesyndication.com/bg/1ltCRSOx5k-1I0D0UILHPXNozEC50ZuHf8HEjBLxTFM.js line 2 > eval line 5684 > eval line 1 > eval line 1 > eval, line 1: Failed to create WebGL context: WebGL creation failed: 
* Can't use WebGL in headless mode (https://bugzil.la/1375585). ()
JavaScript warning: https://pagead2.googlesyndication.com/bg/1ltCRSOx5k-1I0D0UILHPXNozEC50ZuHf8HEjBLxTFM.js line 2 > eval line 91 > eval line 1 > eval line 1 > eval, line 1: Failed to create WebGL context: WebGL creation failed: 
* Can't use WebGL in headless mode (https://bugzil.la/1375585). ()
JavaScript warning: https://pagead2.googlesyndication.com/bg/1ltCRSOx5k-1I0D0UILHPXNozEC50ZuHf8HEjBLxTFM.js line 2 > eval line 1375 > eval line 1 > eval line 1 > eval, line 1: Failed to create WebGL context: WebGL creation failed: 
* Can't use WebGL in headless mode (https://bugzil.la/1375585). ()
JavaScript warning: https://pagead2.googlesyndication.com/bg/1ltCRSOx5k-1I0D0UILHPXNozEC50ZuHf8HEjBLxTFM.js line 2 > eval line 5551 > eval line 1 > eval line 1 > eval, line 1: Failed to create WebGL context: WebGL creation failed: 
* Can't use WebGL in headless mode (https://bugzil.la/1375585). ()
JavaScript warning: https://pagead2.googlesyndication.com/bg/1ltCRSOx5k-1I0D0UILHPXNozEC50ZuHf8HEjBLxTFM.js line 2 > eval line 3461 > eval line 1 > eval line 1 > eval, line 1: Failed to create WebGL context: WebGL creation failed: 
* Can't use WebGL in headless mode (https://bugzil.la/1375585). ()
JavaScript warning: https://pagead2.googlesyndication.com/bg/1ltCRSOx5k-1I0D0UILHPXNozEC50ZuHf8HEjBLxTFM.js line 2 > eval line 287 > eval line 1 > eval line 1 > eval, line 1: Failed to create WebGL context: WebGL creation failed: 
* Can't use WebGL in headless mode (https://bugzil.la/1375585). ()
JavaScript warning: https://pagead2.googlesyndication.com/bg/1ltCRSOx5k-1I0D0UILHPXNozEC50ZuHf8HEjBLxTFM.js line 2 > eval line 4391 > eval line 1 > eval line 1 > eval, line 1: Failed to create WebGL context: WebGL creation failed: 
* Can't use WebGL in headless mode (https://bugzil.la/1375585). ()
JavaScript warning: https://pagead2.googlesyndication.com/bg/1ltCRSOx5k-1I0D0UILHPXNozEC50ZuHf8HEjBLxTFM.js line 2 > eval line 6208 > eval line 1 > eval line 1 > eval, line 1: Failed to create WebGL context: WebGL creation failed: 
* Can't use WebGL in headless mode (https://bugzil.la/1375585). ()
JavaScript error: , line 0: TypeError: NetworkError when attempting to fetch resource.
1675797056461	Marionette	INFO	Stopped listening on port 55974
!!! error running onStopped callback: TypeError: callback is not a function
1675797056841	RemoteAgent	ERROR	unable to stop listener: [Exception... "Component returned failure code: 0x8000ffff (NS_ERROR_UNEXPECTED) [nsIWindowMediator.getEnumerator]"  nsresult: "0x8000ffff (NS_ERROR_UNEXPECTED)"  location: "JS frame :: chrome://remote/content/cdp/observers/TargetObserver.jsm :: stop :: line 64"  data: no] Stack trace: stop()@TargetObserver.jsm:64
unwatchForTabs()@TargetList.jsm:70
unwatchForTargets()@TargetList.jsm:37
destructor()@TargetList.jsm:109
close()@RemoteAgent.jsm:136
1675811098240	geckodriver	INFO	Listening on 127.0.0.1:53483
1675811101289	mozrunner::runner	INFO	Running command: "C:\\Program Files\\Mozilla Firefox\\firefox.exe" "--marionette" "--headless" "window-size=1920,1080" "start ... 4" "--remote-allow-hosts" "localhost" "-no-remote" "-profile" "C:\\Users\\naz_w\\AppData\\Local\\Temp\\rust_mozprofilef5EXaQ"
*** You are running in headless mode.
1675811211766	geckodriver	INFO	Listening on 127.0.0.1:53567
1675811214836	mozrunner::runner	INFO	Running command: "C:\\Program Files\\Mozilla Firefox\\firefox.exe" "--marionette" "--headless" "window-size=1920,1080" "start ... 8" "--remote-allow-hosts" "localhost" "-no-remote" "-profile" "C:\\Users\\naz_w\\AppData\\Local\\Temp\\rust_mozprofileL0DgZ5"
*** You are running in headless mode.
1675811216960	Marionette	INFO	Marionette enabled
Dynamically enable window occlusion 0
1675811216968	Marionette	INFO	Listening on port 53576
Read port: 53576
WebDriver BiDi listening on ws://127.0.0.1:53568
1675811217116	RemoteAgent	WARN	TLS certificate errors will be ignored for this session
[GFX1-]: RenderCompositorSWGL failed mapping default framebuffer, no dt
console.warn: SearchSettings: "get: No settings file exists, new profile?" (new NotFoundError("Could not open the file at C:\\Users\\naz_w\\AppData\\Local\\Temp\\rust_mozprofileL0DgZ5\\search.json.mozlz4", (void 0)))
DevTools listening on ws://127.0.0.1:53568/devtools/browser/30aa8f2d-4495-415e-a47b-8346065c3c85
JavaScript warning: https://pagead2.googlesyndication.com/bg/1ltCRSOx5k-1I0D0UILHPXNozEC50ZuHf8HEjBLxTFM.js line 2 > eval line 5689 > eval line 1 > eval line 1 > eval, line 1: WEBGL_debug_renderer_info is deprecated in Firefox and will be removed. Please use RENDERER.
JavaScript warning: https://pagead2.googlesyndication.com/bg/1ltCRSOx5k-1I0D0UILHPXNozEC50ZuHf8HEjBLxTFM.js line 2 > eval line 6368 > eval line 1 > eval line 1 > eval, line 1: WEBGL_debug_renderer_info is deprecated in Firefox and will be removed. Please use RENDERER.
1675811222348	Marionette	WARN	Ignoring event 'pageshow' because document has an invalid readyState of 'uninitialized'.
JavaScript error: , line 0: TypeError: NetworkError when attempting to fetch resource.
JavaScript error: , line 0: TypeError: NetworkError when attempting to fetch resource.
JavaScript warning: https://pagead2.googlesyndication.com/bg/1ltCRSOx5k-1I0D0UILHPXNozEC50ZuHf8HEjBLxTFM.js line 2 > eval line 2139 > eval line 1 > eval line 1 > eval, line 1: WEBGL_debug_renderer_info is deprecated in Firefox and will be removed. Please use RENDERER.
JavaScript warning: https://pagead2.googlesyndication.com/bg/1ltCRSOx5k-1I0D0UILHPXNozEC50ZuHf8HEjBLxTFM.js line 2 > eval line 5079 > eval line 1 > eval line 1 > eval, line 1: WEBGL_debug_renderer_info is deprecated in Firefox and will be removed. Please use RENDERER.
JavaScript error: , line 0: TypeError: NetworkError when attempting to fetch resource.
JavaScript error: , line 0: TypeError: NetworkError when attempting to fetch resource.
JavaScript warning: https://pagead2.googlesyndication.com/bg/1ltCRSOx5k-1I0D0UILHPXNozEC50ZuHf8HEjBLxTFM.js line 2 > eval line 2557 > eval line 1 > eval line 1 > eval, line 1: WEBGL_debug_renderer_info is deprecated in Firefox and will be removed. Please use RENDERER.
JavaScript warning: https://pagead2.googlesyndication.com/bg/1ltCRSOx5k-1I0D0UILHPXNozEC50ZuHf8HEjBLxTFM.js line 2 > eval line 5511 > eval line 1 > eval line 1 > eval, line 1: WEBGL_debug_renderer_info is deprecated in Firefox and will be removed. Please use RENDERER.
JavaScript error: , line 0: TypeError: NetworkError when attempting to fetch resource.
JavaScript error: , line 0: TypeError: NetworkError when attempting to fetch resource.
JavaScript error: , line 0: TypeError: NetworkError when attempting to fetch resource.
JavaScript error: , line 0: TypeError: NetworkError when attempting to fetch resource.
JavaScript warning: https://pagead2.googlesyndication.com/bg/1ltCRSOx5k-1I0D0UILHPXNozEC50ZuHf8HEjBLxTFM.js line 2 > eval line 7507 > eval line 1 > eval line 1 > eval, line 1: WEBGL_debug_renderer_info is deprecated in Firefox and will be removed. Please use RENDERER.
JavaScript warning: https://pagead2.googlesyndication.com/bg/1ltCRSOx5k-1I0D0UILHPXNozEC50ZuHf8HEjBLxTFM.js line 2 > eval line 6207 > eval line 1 > eval line 1 > eval, line 1: WEBGL_debug_renderer_info is deprecated in Firefox and will be removed. Please use RENDERER.
JavaScript error: , line 0: TypeError: NetworkError when attempting to fetch resource.
JavaScript error: , line 0: TypeError: NetworkError when attempting to fetch resource.
JavaScript warning: https://pagead2.googlesyndication.com/bg/1ltCRSOx5k-1I0D0UILHPXNozEC50ZuHf8HEjBLxTFM.js line 2 > eval line 2237 > eval line 1 > eval line 1 > eval, line 1: WEBGL_debug_renderer_info is deprecated in Firefox and will be removed. Please use RENDERER.
JavaScript warning: https://pagead2.googlesyndication.com/bg/1ltCRSOx5k-1I0D0UILHPXNozEC50ZuHf8HEjBLxTFM.js line 2 > eval line 7693 > eval line 1 > eval line 1 > eval, line 1: WEBGL_debug_renderer_info is deprecated in Firefox and will be removed. Please use RENDERER.
JavaScript error: , line 0: TypeError: NetworkError when attempting to fetch resource.
JavaScript error: , line 0: TypeError: NetworkError when attempting to fetch resource.
JavaScript error: , line 0: TypeError: NetworkError when attempting to fetch resource.
1675811272086	Marionette	INFO	Stopped listening on port 53576
Dynamically enable window occlusion 1
1675812740623	geckodriver	INFO	Listening on 127.0.0.1:57987
1675812743670	mozrunner::runner	INFO	Running command: "C:\\Program Files\\Mozilla Firefox\\firefox.exe" "--marionette" "--headless" "window-size=1920,1080" "start ... 8" "--remote-allow-hosts" "localhost" "-no-remote" "-profile" "C:\\Users\\naz_w\\AppData\\Local\\Temp\\rust_mozprofileDAdrfn"
*** You are running in headless mode.
1675812745458	Marionette	INFO	Marionette enabled
Dynamically enable window occlusion 0
1675812745463	Marionette	INFO	Listening on port 57995
Read port: 57995
WebDriver BiDi listening on ws://127.0.0.1:57988
1675812745614	RemoteAgent	WARN	TLS certificate errors will be ignored for this session
[GFX1-]: RenderCompositorSWGL failed mapping default framebuffer, no dt
console.warn: SearchSettings: "get: No settings file exists, new profile?" (new NotFoundError("Could not open the file at C:\\Users\\naz_w\\AppData\\Local\\Temp\\rust_mozprofileDAdrfn\\search.json.mozlz4", (void 0)))
DevTools listening on ws://127.0.0.1:57988/devtools/browser/aa84e84c-2e17-4699-b376-e557010267a5
JavaScript warning: https://pagead2.googlesyndication.com/bg/1ltCRSOx5k-1I0D0UILHPXNozEC50ZuHf8HEjBLxTFM.js line 2 > eval line 4488 > eval line 1 > eval line 1 > eval, line 1: WEBGL_debug_renderer_info is deprecated in Firefox and will be removed. Please use RENDERER.
JavaScript warning: https://pagead2.googlesyndication.com/bg/1ltCRSOx5k-1I0D0UILHPXNozEC50ZuHf8HEjBLxTFM.js line 2 > eval line 1129 > eval line 1 > eval line 1 > eval, line 1: WEBGL_debug_renderer_info is deprecated in Firefox and will be removed. Please use RENDERER.
1675812750975	Marionette	WARN	Ignoring event 'pageshow' because document has an invalid readyState of 'uninitialized'.
JavaScript error: , line 0: TypeError: NetworkError when attempting to fetch resource.
JavaScript error: , line 0: TypeError: NetworkError when attempting to fetch resource.
JavaScript warning: https://pagead2.googlesyndication.com/bg/1ltCRSOx5k-1I0D0UILHPXNozEC50ZuHf8HEjBLxTFM.js line 2 > eval line 5524 > eval line 1 > eval line 1 > eval, line 1: WEBGL_debug_renderer_info is deprecated in Firefox and will be removed. Please use RENDERER.
JavaScript warning: https://pagead2.googlesyndication.com/bg/1ltCRSOx5k-1I0D0UILHPXNozEC50ZuHf8HEjBLxTFM.js line 2 > eval line 7720 > eval line 1 > eval line 1 > eval, line 1: WEBGL_debug_renderer_info is deprecated in Firefox and will be removed. Please use RENDERER.
JavaScript warning: https://pagead2.googlesyndication.com/bg/1ltCRSOx5k-1I0D0UILHPXNozEC50ZuHf8HEjBLxTFM.js line 2 > eval line 2564 > eval line 1 > eval line 1 > eval, line 1: WEBGL_debug_renderer_info is deprecated in Firefox and will be removed. Please use RENDERER.
JavaScript error: , line 0: TypeError: NetworkError when attempting to fetch resource.
JavaScript error: , line 0: TypeError: NetworkError when attempting to fetch resource.
JavaScript error: , line 0: TypeError: NetworkError when attempting to fetch resource.
JavaScript warning: https://pagead2.googlesyndication.com/bg/1ltCRSOx5k-1I0D0UILHPXNozEC50ZuHf8HEjBLxTFM.js line 2 > eval line 6543 > eval line 1 > eval line 1 > eval, line 1: WEBGL_debug_renderer_info is deprecated in Firefox and will be removed. Please use RENDERER.
JavaScript warning: https://pagead2.googlesyndication.com/bg/1ltCRSOx5k-1I0D0UILHPXNozEC50ZuHf8HEjBLxTFM.js line 2 > eval line 2036 > eval line 1 > eval line 1 > eval, line 1: WEBGL_debug_renderer_info is deprecated in Firefox and will be removed. Please use RENDERER.
JavaScript warning: https://pagead2.googlesyndication.com/bg/1ltCRSOx5k-1I0D0UILHPXNozEC50ZuHf8HEjBLxTFM.js line 2 > eval line 4486 > eval line 1 > eval line 1 > eval, line 1: WEBGL_debug_renderer_info is deprecated in Firefox and will be removed. Please use RENDERER.
JavaScript error: , line 0: TypeError: NetworkError when attempting to fetch resource.
JavaScript error: , line 0: TypeError: NetworkError when attempting to fetch resource.
JavaScript error: , line 0: TypeError: NetworkError when attempting to fetch resource.
JavaScript warning: https://pagead2.googlesyndication.com/bg/1ltCRSOx5k-1I0D0UILHPXNozEC50ZuHf8HEjBLxTFM.js line 2 > eval line 2227 > eval line 1 > eval line 1 > eval, line 1: WEBGL_debug_renderer_info is deprecated in Firefox and will be removed. Please use RENDERER.
JavaScript warning: https://pagead2.googlesyndication.com/bg/1ltCRSOx5k-1I0D0UILHPXNozEC50ZuHf8HEjBLxTFM.js line 2 > eval line 4394 > eval line 1 > eval line 1 > eval, line 1: WEBGL_debug_renderer_info is deprecated in Firefox and will be removed. Please use RENDERER.
JavaScript warning: https://pagead2.googlesyndication.com/bg/1ltCRSOx5k-1I0D0UILHPXNozEC50ZuHf8HEjBLxTFM.js line 2 > eval line 6014 > eval line 1 > eval line 1 > eval, line 1: WEBGL_debug_renderer_info is deprecated in Firefox and will be removed. Please use RENDERER.
JavaScript error: , line 0: TypeError: NetworkError when attempting to fetch resource.
JavaScript error: , line 0: TypeError: NetworkError when attempting to fetch resource.
JavaScript error: , line 0: TypeError: NetworkError when attempting to fetch resource.
JavaScript warning: https://pagead2.googlesyndication.com/bg/1ltCRSOx5k-1I0D0UILHPXNozEC50ZuHf8HEjBLxTFM.js line 2 > eval line 3388 > eval line 1 > eval line 1 > eval, line 1: WEBGL_debug_renderer_info is deprecated in Firefox and will be removed. Please use RENDERER.
JavaScript warning: https://pagead2.googlesyndication.com/bg/1ltCRSOx5k-1I0D0UILHPXNozEC50ZuHf8HEjBLxTFM.js line 2 > eval line 2471 > eval line 1 > eval line 1 > eval, line 1: WEBGL_debug_renderer_info is deprecated in Firefox and will be removed. Please use RENDERER.
JavaScript warning: https://pagead2.googlesyndication.com/bg/1ltCRSOx5k-1I0D0UILHPXNozEC50ZuHf8HEjBLxTFM.js line 2 > eval line 1039 > eval line 1 > eval line 1 > eval, line 1: WEBGL_debug_renderer_info is deprecated in Firefox and will be removed. Please use RENDERER.
JavaScript error: , line 0: TypeError: NetworkError when attempting to fetch resource.
JavaScript error: , line 0: TypeError: NetworkError when attempting to fetch resource.
JavaScript error: , line 0: TypeError: NetworkError when attempting to fetch resource.
1675812799144	Marionette	INFO	Stopped listening on port 57995
Dynamically enable window occlusion 1
